This file contains any messages produced by compilers while
running configure, to aid debugging if configure makes a mistake.

It was created by TheForgottenServer configure 0.3.5, which was
generated by GNU Autoconf 2.69.  Invocation command line was

  $ ./configure --enable-mysql

## --------- ##
## Platform. ##
## --------- ##

hostname = jskalski-desktop
uname -m = x86_64
uname -r = 5.4.0-64-generic
uname -s = Linux
uname -v = #72-Ubuntu SMP Fri Jan 15 10:27:54 UTC 2021

/usr/bin/uname -p = unknown
/bin/uname -X     = unknown

/bin/arch              = unknown
/usr/bin/arch -k       = unknown
/usr/convex/getsysinfo = unknown
/usr/bin/hostinfo      = unknown
/bin/machine           = unknown
/usr/bin/oslevel       = unknown
/bin/universe          = unknown

PATH: /home/jskalski/.nvm/versions/node/v10.23.0/bin
PATH: /usr/local/sbin
PATH: /usr/local/bin
PATH: /usr/sbin
PATH: /usr/bin
PATH: /sbin
PATH: /bin
PATH: /usr/games
PATH: /usr/local/games
PATH: /snap/bin


## ----------- ##
## Core tests. ##
## ----------- ##

configure:2454: checking for a BSD-compatible install
configure:2522: result: /usr/bin/install -c
configure:2533: checking whether build environment is sane
configure:2588: result: yes
configure:2737: checking for a thread-safe mkdir -p
configure:2776: result: /bin/mkdir -p
configure:2783: checking for gawk
configure:2799: found /usr/bin/gawk
configure:2810: result: gawk
configure:2821: checking whether make sets $(MAKE)
configure:2843: result: yes
configure:2872: checking whether make supports nested variables
configure:2889: result: yes
configure:3077: checking for g++
configure:3093: found /usr/bin/g++
configure:3104: result: g++
configure:3131: checking for C++ compiler version
configure:3140: g++ --version >&5
g++ (Ubuntu 9.3.0-17ubuntu1~20.04) 9.3.0
Copyright (C) 2019 Free Software Foundation, Inc.
This is free software; see the source for copying conditions.  There is NO
warranty; not even for MERCHANTABILITY or FITNESS FOR A PARTICULAR PURPOSE.

configure:3151: $? = 0
configure:3140: g++ -v >&5
Using built-in specs.
COLLECT_GCC=g++
COLLECT_LTO_WRAPPER=/usr/lib/gcc/x86_64-linux-gnu/9/lto-wrapper
OFFLOAD_TARGET_NAMES=nvptx-none:hsa
OFFLOAD_TARGET_DEFAULT=1
Target: x86_64-linux-gnu
Configured with: ../src/configure -v --with-pkgversion='Ubuntu 9.3.0-17ubuntu1~20.04' --with-bugurl=file:///usr/share/doc/gcc-9/README.Bugs --enable-languages=c,ada,c++,go,brig,d,fortran,objc,obj-c++,gm2 --prefix=/usr --with-gcc-major-version-only --program-suffix=-9 --program-prefix=x86_64-linux-gnu- --enable-shared --enable-linker-build-id --libexecdir=/usr/lib --without-included-gettext --enable-threads=posix --libdir=/usr/lib --enable-nls --enable-clocale=gnu --enable-libstdcxx-debug --enable-libstdcxx-time=yes --with-default-libstdcxx-abi=new --enable-gnu-unique-object --disable-vtable-verify --enable-plugin --enable-default-pie --with-system-zlib --with-target-system-zlib=auto --enable-objc-gc=auto --enable-multiarch --disable-werror --with-arch-32=i686 --with-abi=m64 --with-multilib-list=m32,m64,mx32 --enable-multilib --with-tune=generic --enable-offload-targets=nvptx-none=/build/gcc-9-HskZEa/gcc-9-9.3.0/debian/tmp-nvptx/usr,hsa --without-cuda-driver --enable-checking=release --build=x86_64-linux-gnu --host=x86_64-linux-gnu --target=x86_64-linux-gnu
Thread model: posix
gcc version 9.3.0 (Ubuntu 9.3.0-17ubuntu1~20.04) 
configure:3151: $? = 0
configure:3140: g++ -V >&5
g++: error: unrecognized command line option '-V'
g++: fatal error: no input files
compilation terminated.
configure:3151: $? = 1
configure:3140: g++ -qversion >&5
g++: error: unrecognized command line option '-qversion'; did you mean '--version'?
g++: fatal error: no input files
compilation terminated.
configure:3151: $? = 1
configure:3171: checking whether the C++ compiler works
configure:3193: g++    conftest.cpp  >&5
configure:3197: $? = 0
configure:3245: result: yes
configure:3248: checking for C++ compiler default output file name
configure:3250: result: a.out
configure:3256: checking for suffix of executables
configure:3263: g++ -o conftest    conftest.cpp  >&5
configure:3267: $? = 0
configure:3289: result: 
configure:3311: checking whether we are cross compiling
configure:3319: g++ -o conftest    conftest.cpp  >&5
configure:3323: $? = 0
configure:3330: ./conftest
configure:3334: $? = 0
configure:3322: result: no
configure:3327: checking for suffix of object files
configure:3349: g++ -c   conftest.cpp >&5
configure:3353: $? = 0
configure:3374: result: o
configure:3378: checking whether we are using the GNU C++ compiler
configure:3397: g++ -c   conftest.cpp >&5
configure:3397: $? = 0
configure:3406: result: yes
configure:3415: checking whether g++ accepts -g
configure:3435: g++ -c -g  conftest.cpp >&5
configure:3435: $? = 0
configure:3476: result: yes
configure:3502: checking whether make supports the include directive
configure:3517: make -f confmf.GNU && cat confinc.out
this is the am__doit target
configure:3520: $? = 0
configure:3539: result: yes (GNU style)
configure:3564: checking dependency style of g++
configure:3675: result: gcc3
configure:3939: checking how to run the C++ preprocessor
configure:3966: g++ -E  conftest.cpp
configure:3966: $? = 0
configure:3980: g++ -E  conftest.cpp
conftest.cpp:11:10: fatal error: ac_nonexistent.h: No such file or directory
   11 | #include <ac_nonexistent.h>
      |          ^~~~~~~~~~~~~~~~~~
compilation terminated.
configure:3980: $? = 1
configure: failed program was:
| /* confdefs.h */
| #define PACKAGE_NAME "TheForgottenServer"
| #define PACKAGE_TARNAME "theforgottenserver"
| #define PACKAGE_VERSION "0.3.5"
| #define PACKAGE_STRING "TheForgottenServer 0.3.5"
| #define PACKAGE_BUGREPORT ""
| #define PACKAGE_URL ""
| #define PACKAGE "theforgottenserver"
| #define VERSION "0.3.5"
| /* end confdefs.h.  */
| #include <ac_nonexistent.h>
configure:4005: result: g++ -E
configure:4025: g++ -E  conftest.cpp
configure:4025: $? = 0
configure:4039: g++ -E  conftest.cpp
conftest.cpp:11:10: fatal error: ac_nonexistent.h: No such file or directory
   11 | #include <ac_nonexistent.h>
      |          ^~~~~~~~~~~~~~~~~~
compilation terminated.
configure:4039: $? = 1
configure: failed program was:
| /* confdefs.h */
| #define PACKAGE_NAME "TheForgottenServer"
| #define PACKAGE_TARNAME "theforgottenserver"
| #define PACKAGE_VERSION "0.3.5"
| #define PACKAGE_STRING "TheForgottenServer 0.3.5"
| #define PACKAGE_BUGREPORT ""
| #define PACKAGE_URL ""
| #define PACKAGE "theforgottenserver"
| #define VERSION "0.3.5"
| /* end confdefs.h.  */
| #include <ac_nonexistent.h>
configure:4068: checking for grep that handles long lines and -e
configure:4126: result: /bin/grep
configure:4131: checking for egrep
configure:4193: result: /bin/grep -E
configure:4198: checking for ANSI C header files
configure:4218: g++ -c -g -O2  conftest.cpp >&5
configure:4218: $? = 0
configure:4291: g++ -o conftest -g -O2   conftest.cpp  >&5
configure:4291: $? = 0
configure:4291: ./conftest
configure:4291: $? = 0
configure:4302: result: yes
configure:4315: checking for sys/types.h
configure:4315: g++ -c -g -O2  conftest.cpp >&5
configure:4315: $? = 0
configure:4315: result: yes
configure:4315: checking for sys/stat.h
configure:4315: g++ -c -g -O2  conftest.cpp >&5
configure:4315: $? = 0
configure:4315: result: yes
configure:4315: checking for stdlib.h
configure:4315: g++ -c -g -O2  conftest.cpp >&5
configure:4315: $? = 0
configure:4315: result: yes
configure:4315: checking for string.h
configure:4315: g++ -c -g -O2  conftest.cpp >&5
configure:4315: $? = 0
configure:4315: result: yes
configure:4315: checking for memory.h
configure:4315: g++ -c -g -O2  conftest.cpp >&5
configure:4315: $? = 0
configure:4315: result: yes
configure:4315: checking for strings.h
configure:4315: g++ -c -g -O2  conftest.cpp >&5
configure:4315: $? = 0
configure:4315: result: yes
configure:4315: checking for inttypes.h
configure:4315: g++ -c -g -O2  conftest.cpp >&5
configure:4315: $? = 0
configure:4315: result: yes
configure:4315: checking for stdint.h
configure:4315: g++ -c -g -O2  conftest.cpp >&5
configure:4315: $? = 0
configure:4315: result: yes
configure:4315: checking for unistd.h
configure:4315: g++ -c -g -O2  conftest.cpp >&5
configure:4315: $? = 0
configure:4315: result: yes
configure:4330: checking arpa/inet.h usability
configure:4330: g++ -c -g -O2  conftest.cpp >&5
configure:4330: $? = 0
configure:4330: result: yes
configure:4330: checking arpa/inet.h presence
configure:4330: g++ -E  conftest.cpp
configure:4330: $? = 0
configure:4330: result: yes
configure:4330: checking for arpa/inet.h
configure:4330: result: yes
configure:4330: checking netdb.h usability
configure:4330: g++ -c -g -O2  conftest.cpp >&5
configure:4330: $? = 0
configure:4330: result: yes
configure:4330: checking netdb.h presence
configure:4330: g++ -E  conftest.cpp
configure:4330: $? = 0
configure:4330: result: yes
configure:4330: checking for netdb.h
configure:4330: result: yes
configure:4330: checking netinet/in.h usability
configure:4330: g++ -c -g -O2  conftest.cpp >&5
configure:4330: $? = 0
configure:4330: result: yes
configure:4330: checking netinet/in.h presence
configure:4330: g++ -E  conftest.cpp
configure:4330: $? = 0
configure:4330: result: yes
configure:4330: checking for netinet/in.h
configure:4330: result: yes
configure:4330: checking stddef.h usability
configure:4330: g++ -c -g -O2  conftest.cpp >&5
configure:4330: $? = 0
configure:4330: result: yes
configure:4330: checking stddef.h presence
configure:4330: g++ -E  conftest.cpp
configure:4330: $? = 0
configure:4330: result: yes
configure:4330: checking for stddef.h
configure:4330: result: yes
configure:4330: checking for stdint.h
configure:4330: result: yes
configure:4330: checking for stdlib.h
configure:4330: result: yes
configure:4330: checking sys/socket.h usability
configure:4330: g++ -c -g -O2  conftest.cpp >&5
configure:4330: $? = 0
configure:4330: result: yes
configure:4330: checking sys/socket.h presence
configure:4330: g++ -E  conftest.cpp
configure:4330: $? = 0
configure:4330: result: yes
configure:4330: checking for sys/socket.h
configure:4330: result: yes
configure:4330: checking sys/timeb.h usability
configure:4330: g++ -c -g -O2  conftest.cpp >&5
configure:4330: $? = 0
configure:4330: result: yes
configure:4330: checking sys/timeb.h presence
configure:4330: g++ -E  conftest.cpp
configure:4330: $? = 0
configure:4330: result: yes
configure:4330: checking for sys/timeb.h
configure:4330: result: yes
configure:4342: checking for stdbool.h that conforms to C99
configure:4409: g++ -c -g -O2  conftest.cpp >&5
conftest.cpp:32:15: error: expected unqualified-id before string constant
   32 |               "error: bool is not defined"
      |               ^~~~~~~~~~~~~~~~~~~~~~~~~~~~
conftest.cpp:50:48: error: 's' does not name a type
   50 |              struct s { _Bool s: 1; _Bool t; } s;
      |                                                ^
conftest.cpp:60:28: error: 's' was not declared in this scope
   60 |              char i[sizeof s.t];
      |                            ^
conftest.cpp: In function 'int main()':
conftest.cpp:78:24: error: 's' was not declared in this scope
   78 |              bool e = &s;
      |                        ^
conftest.cpp:82:63: error: 'i' was not declared in this scope
   82 |              return (!a + !b + !c + !d + !e + !f + !g + !h + !i + !!j + !k + !!l
      |                                                               ^
configure:4409: $? = 1
configure: failed program was:
| /* confdefs.h */
| #define PACKAGE_NAME "TheForgottenServer"
| #define PACKAGE_TARNAME "theforgottenserver"
| #define PACKAGE_VERSION "0.3.5"
| #define PACKAGE_STRING "TheForgottenServer 0.3.5"
| #define PACKAGE_BUGREPORT ""
| #define PACKAGE_URL ""
| #define PACKAGE "theforgottenserver"
| #define VERSION "0.3.5"
| #define STDC_HEADERS 1
| #define HAVE_SYS_TYPES_H 1
| #define HAVE_SYS_STAT_H 1
| #define HAVE_STDLIB_H 1
| #define HAVE_STRING_H 1
| #define HAVE_MEMORY_H 1
| #define HAVE_STRINGS_H 1
| #define HAVE_INTTYPES_H 1
| #define HAVE_STDINT_H 1
| #define HAVE_UNISTD_H 1
| #define HAVE_ARPA_INET_H 1
| #define HAVE_NETDB_H 1
| #define HAVE_NETINET_IN_H 1
| #define HAVE_STDDEF_H 1
| #define HAVE_STDINT_H 1
| #define HAVE_STDLIB_H 1
| #define HAVE_SYS_SOCKET_H 1
| #define HAVE_SYS_TIMEB_H 1
| /* end confdefs.h.  */
| 
|              #include <stdbool.h>
|              #ifndef bool
|               "error: bool is not defined"
|              #endif
|              #ifndef false
|               "error: false is not defined"
|              #endif
|              #if false
|               "error: false is not 0"
|              #endif
|              #ifndef true
|               "error: true is not defined"
|              #endif
|              #if true != 1
|               "error: true is not 1"
|              #endif
|              #ifndef __bool_true_false_are_defined
|               "error: __bool_true_false_are_defined is not defined"
|              #endif
| 
|              struct s { _Bool s: 1; _Bool t; } s;
| 
|              char a[true == 1 ? 1 : -1];
|              char b[false == 0 ? 1 : -1];
|              char c[__bool_true_false_are_defined == 1 ? 1 : -1];
|              char d[(bool) 0.5 == true ? 1 : -1];
|              /* See body of main program for 'e'.  */
|              char f[(_Bool) 0.0 == false ? 1 : -1];
|              char g[true];
|              char h[sizeof (_Bool)];
|              char i[sizeof s.t];
|              enum { j = false, k = true, l = false * true, m = true * 256 };
|              /* The following fails for
|                 HP aC++/ANSI C B3910B A.05.55 [Dec 04 2003]. */
|              _Bool n[m];
|              char o[sizeof n == m * sizeof n[0] ? 1 : -1];
|              char p[-1 - (_Bool) 0 < 0 && -1 - (bool) 0 < 0 ? 1 : -1];
|              /* Catch a bug in an HP-UX C compiler.  See
|                 http://gcc.gnu.org/ml/gcc-patches/2003-12/msg02303.html
|                 http://lists.gnu.org/archive/html/bug-coreutils/2005-11/msg00161.html
|               */
|              _Bool q = true;
|              _Bool *pq = &q;
| 
| int
| main ()
| {
| 
|              bool e = &s;
|              *pq |= q;
|              *pq |= ! q;
|              /* Refer to every declared value, to avoid compiler optimizations.  */
|              return (!a + !b + !c + !d + !e + !f + !g + !h + !i + !!j + !k + !!l
|                      + !m + !n + !o + !p + !q + !pq);
| 
|   ;
|   return 0;
| }
configure:4416: result: no
configure:4418: checking for _Bool
configure:4418: g++ -c -g -O2  conftest.cpp >&5
conftest.cpp: In function 'int main()':
conftest.cpp:65:13: error: '_Bool' was not declared in this scope
   65 | if (sizeof (_Bool))
      |             ^~~~~
configure:4418: $? = 1
configure: failed program was:
| /* confdefs.h */
| #define PACKAGE_NAME "TheForgottenServer"
| #define PACKAGE_TARNAME "theforgottenserver"
| #define PACKAGE_VERSION "0.3.5"
| #define PACKAGE_STRING "TheForgottenServer 0.3.5"
| #define PACKAGE_BUGREPORT ""
| #define PACKAGE_URL ""
| #define PACKAGE "theforgottenserver"
| #define VERSION "0.3.5"
| #define STDC_HEADERS 1
| #define HAVE_SYS_TYPES_H 1
| #define HAVE_SYS_STAT_H 1
| #define HAVE_STDLIB_H 1
| #define HAVE_STRING_H 1
| #define HAVE_MEMORY_H 1
| #define HAVE_STRINGS_H 1
| #define HAVE_INTTYPES_H 1
| #define HAVE_STDINT_H 1
| #define HAVE_UNISTD_H 1
| #define HAVE_ARPA_INET_H 1
| #define HAVE_NETDB_H 1
| #define HAVE_NETINET_IN_H 1
| #define HAVE_STDDEF_H 1
| #define HAVE_STDINT_H 1
| #define HAVE_STDLIB_H 1
| #define HAVE_SYS_SOCKET_H 1
| #define HAVE_SYS_TIMEB_H 1
| /* end confdefs.h.  */
| #include <stdio.h>
| #ifdef HAVE_SYS_TYPES_H
| # include <sys/types.h>
| #endif
| #ifdef HAVE_SYS_STAT_H
| # include <sys/stat.h>
| #endif
| #ifdef STDC_HEADERS
| # include <stdlib.h>
| # include <stddef.h>
| #else
| # ifdef HAVE_STDLIB_H
| #  include <stdlib.h>
| # endif
| #endif
| #ifdef HAVE_STRING_H
| # if !defined STDC_HEADERS && defined HAVE_MEMORY_H
| #  include <memory.h>
| # endif
| # include <string.h>
| #endif
| #ifdef HAVE_STRINGS_H
| # include <strings.h>
| #endif
| #ifdef HAVE_INTTYPES_H
| # include <inttypes.h>
| #endif
| #ifdef HAVE_STDINT_H
| # include <stdint.h>
| #endif
| #ifdef HAVE_UNISTD_H
| # include <unistd.h>
| #endif
| int
| main ()
| {
| if (sizeof (_Bool))
| 	 return 0;
|   ;
|   return 0;
| }
configure:4418: result: no
configure:4435: checking for an ANSI C-conforming const
configure:4501: g++ -c -g -O2  conftest.cpp >&5
configure:4501: $? = 0
configure:4508: result: yes
configure:4516: checking for inline
configure:4532: g++ -c -g -O2  conftest.cpp >&5
configure:4532: $? = 0
configure:4540: result: inline
configure:4558: checking for int16_t
configure:4558: g++ -c -g -O2  conftest.cpp >&5
configure:4558: $? = 0
configure:4558: g++ -c -g -O2  conftest.cpp >&5
conftest.cpp: In function 'int main()':
conftest.cpp:67:58: error: narrowing conversion of '-1' from 'int' to 'long unsigned int' [-Wnarrowing]
   67 |    < (int16_t) (((((int16_t) 1 << N) << N) - 1) * 2 + 2))];
      |                                                          ^
conftest.cpp:66:26: error: size '-1' of array 'test_array' is negative
   66 | static int test_array [1 - 2 * !((int16_t) (((((int16_t) 1 << N) << N) - 1) * 2 + 1)
      |                        ~~^~~~~~~~~~~~~~~~~~~~~~~~~~~~~~~~~~~~~~~~~~~~~~~~~~~~~~~~~~~
   67 |    < (int16_t) (((((int16_t) 1 << N) << N) - 1) * 2 + 2))];
      |    ~~~~~~~~~~~~~~~~~~~~~~~~~~~~~~~~~~~~~~~~~~~~~~~~~~~~~~
configure:4558: $? = 1
configure: failed program was:
| /* confdefs.h */
| #define PACKAGE_NAME "TheForgottenServer"
| #define PACKAGE_TARNAME "theforgottenserver"
| #define PACKAGE_VERSION "0.3.5"
| #define PACKAGE_STRING "TheForgottenServer 0.3.5"
| #define PACKAGE_BUGREPORT ""
| #define PACKAGE_URL ""
| #define PACKAGE "theforgottenserver"
| #define VERSION "0.3.5"
| #define STDC_HEADERS 1
| #define HAVE_SYS_TYPES_H 1
| #define HAVE_SYS_STAT_H 1
| #define HAVE_STDLIB_H 1
| #define HAVE_STRING_H 1
| #define HAVE_MEMORY_H 1
| #define HAVE_STRINGS_H 1
| #define HAVE_INTTYPES_H 1
| #define HAVE_STDINT_H 1
| #define HAVE_UNISTD_H 1
| #define HAVE_ARPA_INET_H 1
| #define HAVE_NETDB_H 1
| #define HAVE_NETINET_IN_H 1
| #define HAVE_STDDEF_H 1
| #define HAVE_STDINT_H 1
| #define HAVE_STDLIB_H 1
| #define HAVE_SYS_SOCKET_H 1
| #define HAVE_SYS_TIMEB_H 1
| /* end confdefs.h.  */
| #include <stdio.h>
| #ifdef HAVE_SYS_TYPES_H
| # include <sys/types.h>
| #endif
| #ifdef HAVE_SYS_STAT_H
| # include <sys/stat.h>
| #endif
| #ifdef STDC_HEADERS
| # include <stdlib.h>
| # include <stddef.h>
| #else
| # ifdef HAVE_STDLIB_H
| #  include <stdlib.h>
| # endif
| #endif
| #ifdef HAVE_STRING_H
| # if !defined STDC_HEADERS && defined HAVE_MEMORY_H
| #  include <memory.h>
| # endif
| # include <string.h>
| #endif
| #ifdef HAVE_STRINGS_H
| # include <strings.h>
| #endif
| #ifdef HAVE_INTTYPES_H
| # include <inttypes.h>
| #endif
| #ifdef HAVE_STDINT_H
| # include <stdint.h>
| #endif
| #ifdef HAVE_UNISTD_H
| # include <unistd.h>
| #endif
| 	        enum { N = 16 / 2 - 1 };
| int
| main ()
| {
| static int test_array [1 - 2 * !((int16_t) (((((int16_t) 1 << N) << N) - 1) * 2 + 1)
| 		 < (int16_t) (((((int16_t) 1 << N) << N) - 1) * 2 + 2))];
| test_array [0] = 0;
| return test_array [0];
| 
|   ;
|   return 0;
| }
configure:4558: result: yes
configure:4569: checking for int32_t
configure:4569: g++ -c -g -O2  conftest.cpp >&5
configure:4569: $? = 0
configure:4569: g++ -c -g -O2  conftest.cpp >&5
conftest.cpp: In function 'int main()':
conftest.cpp:67:53: warning: integer overflow in expression of type 'int32_t' {aka 'int'} results in '-2147483648' [-Woverflow]
   67 |    < (int32_t) (((((int32_t) 1 << N) << N) - 1) * 2 + 2))];
      |                 ~~~~~~~~~~~~~~~~~~~~~~~~~~~~~~~~~~~~^~~
conftest.cpp:66:26: error: size '-1' of array 'test_array' is negative
   66 | static int test_array [1 - 2 * !((int32_t) (((((int32_t) 1 << N) << N) - 1) * 2 + 1)
      |                        ~~^~~~~~~~~~~~~~~~~~~~~~~~~~~~~~~~~~~~~~~~~~~~~~~~~~~~~~~~~~~
   67 |    < (int32_t) (((((int32_t) 1 << N) << N) - 1) * 2 + 2))];
      |    ~~~~~~~~~~~~~~~~~~~~~~~~~~~~~~~~~~~~~~~~~~~~~~~~~~~~~~
configure:4569: $? = 1
configure: failed program was:
| /* confdefs.h */
| #define PACKAGE_NAME "TheForgottenServer"
| #define PACKAGE_TARNAME "theforgottenserver"
| #define PACKAGE_VERSION "0.3.5"
| #define PACKAGE_STRING "TheForgottenServer 0.3.5"
| #define PACKAGE_BUGREPORT ""
| #define PACKAGE_URL ""
| #define PACKAGE "theforgottenserver"
| #define VERSION "0.3.5"
| #define STDC_HEADERS 1
| #define HAVE_SYS_TYPES_H 1
| #define HAVE_SYS_STAT_H 1
| #define HAVE_STDLIB_H 1
| #define HAVE_STRING_H 1
| #define HAVE_MEMORY_H 1
| #define HAVE_STRINGS_H 1
| #define HAVE_INTTYPES_H 1
| #define HAVE_STDINT_H 1
| #define HAVE_UNISTD_H 1
| #define HAVE_ARPA_INET_H 1
| #define HAVE_NETDB_H 1
| #define HAVE_NETINET_IN_H 1
| #define HAVE_STDDEF_H 1
| #define HAVE_STDINT_H 1
| #define HAVE_STDLIB_H 1
| #define HAVE_SYS_SOCKET_H 1
| #define HAVE_SYS_TIMEB_H 1
| /* end confdefs.h.  */
| #include <stdio.h>
| #ifdef HAVE_SYS_TYPES_H
| # include <sys/types.h>
| #endif
| #ifdef HAVE_SYS_STAT_H
| # include <sys/stat.h>
| #endif
| #ifdef STDC_HEADERS
| # include <stdlib.h>
| # include <stddef.h>
| #else
| # ifdef HAVE_STDLIB_H
| #  include <stdlib.h>
| # endif
| #endif
| #ifdef HAVE_STRING_H
| # if !defined STDC_HEADERS && defined HAVE_MEMORY_H
| #  include <memory.h>
| # endif
| # include <string.h>
| #endif
| #ifdef HAVE_STRINGS_H
| # include <strings.h>
| #endif
| #ifdef HAVE_INTTYPES_H
| # include <inttypes.h>
| #endif
| #ifdef HAVE_STDINT_H
| # include <stdint.h>
| #endif
| #ifdef HAVE_UNISTD_H
| # include <unistd.h>
| #endif
| 	        enum { N = 32 / 2 - 1 };
| int
| main ()
| {
| static int test_array [1 - 2 * !((int32_t) (((((int32_t) 1 << N) << N) - 1) * 2 + 1)
| 		 < (int32_t) (((((int32_t) 1 << N) << N) - 1) * 2 + 2))];
| test_array [0] = 0;
| return test_array [0];
| 
|   ;
|   return 0;
| }
configure:4569: result: yes
configure:4580: checking for int64_t
configure:4580: g++ -c -g -O2  conftest.cpp >&5
configure:4580: $? = 0
configure:4580: g++ -c -g -O2  conftest.cpp >&5
conftest.cpp: In function 'int main()':
conftest.cpp:67:53: warning: integer overflow in expression of type 'int64_t' {aka 'long int'} results in '-9223372036854775808' [-Woverflow]
   67 |    < (int64_t) (((((int64_t) 1 << N) << N) - 1) * 2 + 2))];
      |                 ~~~~~~~~~~~~~~~~~~~~~~~~~~~~~~~~~~~~^~~
conftest.cpp:66:26: error: size '-1' of array 'test_array' is negative
   66 | static int test_array [1 - 2 * !((int64_t) (((((int64_t) 1 << N) << N) - 1) * 2 + 1)
      |                        ~~^~~~~~~~~~~~~~~~~~~~~~~~~~~~~~~~~~~~~~~~~~~~~~~~~~~~~~~~~~~
   67 |    < (int64_t) (((((int64_t) 1 << N) << N) - 1) * 2 + 2))];
      |    ~~~~~~~~~~~~~~~~~~~~~~~~~~~~~~~~~~~~~~~~~~~~~~~~~~~~~~
configure:4580: $? = 1
configure: failed program was:
| /* confdefs.h */
| #define PACKAGE_NAME "TheForgottenServer"
| #define PACKAGE_TARNAME "theforgottenserver"
| #define PACKAGE_VERSION "0.3.5"
| #define PACKAGE_STRING "TheForgottenServer 0.3.5"
| #define PACKAGE_BUGREPORT ""
| #define PACKAGE_URL ""
| #define PACKAGE "theforgottenserver"
| #define VERSION "0.3.5"
| #define STDC_HEADERS 1
| #define HAVE_SYS_TYPES_H 1
| #define HAVE_SYS_STAT_H 1
| #define HAVE_STDLIB_H 1
| #define HAVE_STRING_H 1
| #define HAVE_MEMORY_H 1
| #define HAVE_STRINGS_H 1
| #define HAVE_INTTYPES_H 1
| #define HAVE_STDINT_H 1
| #define HAVE_UNISTD_H 1
| #define HAVE_ARPA_INET_H 1
| #define HAVE_NETDB_H 1
| #define HAVE_NETINET_IN_H 1
| #define HAVE_STDDEF_H 1
| #define HAVE_STDINT_H 1
| #define HAVE_STDLIB_H 1
| #define HAVE_SYS_SOCKET_H 1
| #define HAVE_SYS_TIMEB_H 1
| /* end confdefs.h.  */
| #include <stdio.h>
| #ifdef HAVE_SYS_TYPES_H
| # include <sys/types.h>
| #endif
| #ifdef HAVE_SYS_STAT_H
| # include <sys/stat.h>
| #endif
| #ifdef STDC_HEADERS
| # include <stdlib.h>
| # include <stddef.h>
| #else
| # ifdef HAVE_STDLIB_H
| #  include <stdlib.h>
| # endif
| #endif
| #ifdef HAVE_STRING_H
| # if !defined STDC_HEADERS && defined HAVE_MEMORY_H
| #  include <memory.h>
| # endif
| # include <string.h>
| #endif
| #ifdef HAVE_STRINGS_H
| # include <strings.h>
| #endif
| #ifdef HAVE_INTTYPES_H
| # include <inttypes.h>
| #endif
| #ifdef HAVE_STDINT_H
| # include <stdint.h>
| #endif
| #ifdef HAVE_UNISTD_H
| # include <unistd.h>
| #endif
| 	        enum { N = 64 / 2 - 1 };
| int
| main ()
| {
| static int test_array [1 - 2 * !((int64_t) (((((int64_t) 1 << N) << N) - 1) * 2 + 1)
| 		 < (int64_t) (((((int64_t) 1 << N) << N) - 1) * 2 + 2))];
| test_array [0] = 0;
| return test_array [0];
| 
|   ;
|   return 0;
| }
configure:4580: result: yes
configure:4591: checking for size_t
configure:4591: g++ -c -g -O2  conftest.cpp >&5
configure:4591: $? = 0
configure:4591: g++ -c -g -O2  conftest.cpp >&5
conftest.cpp: In function 'int main()':
conftest.cpp:65:20: error: expected primary-expression before ')' token
   65 | if (sizeof ((size_t)))
      |                    ^
configure:4591: $? = 1
configure: failed program was:
| /* confdefs.h */
| #define PACKAGE_NAME "TheForgottenServer"
| #define PACKAGE_TARNAME "theforgottenserver"
| #define PACKAGE_VERSION "0.3.5"
| #define PACKAGE_STRING "TheForgottenServer 0.3.5"
| #define PACKAGE_BUGREPORT ""
| #define PACKAGE_URL ""
| #define PACKAGE "theforgottenserver"
| #define VERSION "0.3.5"
| #define STDC_HEADERS 1
| #define HAVE_SYS_TYPES_H 1
| #define HAVE_SYS_STAT_H 1
| #define HAVE_STDLIB_H 1
| #define HAVE_STRING_H 1
| #define HAVE_MEMORY_H 1
| #define HAVE_STRINGS_H 1
| #define HAVE_INTTYPES_H 1
| #define HAVE_STDINT_H 1
| #define HAVE_UNISTD_H 1
| #define HAVE_ARPA_INET_H 1
| #define HAVE_NETDB_H 1
| #define HAVE_NETINET_IN_H 1
| #define HAVE_STDDEF_H 1
| #define HAVE_STDINT_H 1
| #define HAVE_STDLIB_H 1
| #define HAVE_SYS_SOCKET_H 1
| #define HAVE_SYS_TIMEB_H 1
| /* end confdefs.h.  */
| #include <stdio.h>
| #ifdef HAVE_SYS_TYPES_H
| # include <sys/types.h>
| #endif
| #ifdef HAVE_SYS_STAT_H
| # include <sys/stat.h>
| #endif
| #ifdef STDC_HEADERS
| # include <stdlib.h>
| # include <stddef.h>
| #else
| # ifdef HAVE_STDLIB_H
| #  include <stdlib.h>
| # endif
| #endif
| #ifdef HAVE_STRING_H
| # if !defined STDC_HEADERS && defined HAVE_MEMORY_H
| #  include <memory.h>
| # endif
| # include <string.h>
| #endif
| #ifdef HAVE_STRINGS_H
| # include <strings.h>
| #endif
| #ifdef HAVE_INTTYPES_H
| # include <inttypes.h>
| #endif
| #ifdef HAVE_STDINT_H
| # include <stdint.h>
| #endif
| #ifdef HAVE_UNISTD_H
| # include <unistd.h>
| #endif
| int
| main ()
| {
| if (sizeof ((size_t)))
| 	    return 0;
|   ;
|   return 0;
| }
configure:4591: result: yes
configure:4602: checking whether struct tm is in sys/time.h or time.h
configure:4622: g++ -c -g -O2  conftest.cpp >&5
configure:4622: $? = 0
configure:4629: result: time.h
configure:4637: checking for uint16_t
configure:4637: g++ -c -g -O2  conftest.cpp >&5
configure:4637: $? = 0
configure:4637: result: yes
configure:4649: checking for uint32_t
configure:4649: g++ -c -g -O2  conftest.cpp >&5
configure:4649: $? = 0
configure:4649: result: yes
configure:4663: checking for uint64_t
configure:4663: g++ -c -g -O2  conftest.cpp >&5
configure:4663: $? = 0
configure:4663: result: yes
configure:4677: checking for uint8_t
configure:4677: g++ -c -g -O2  conftest.cpp >&5
configure:4677: $? = 0
configure:4677: result: yes
configure:4691: checking for ptrdiff_t
configure:4691: g++ -c -g -O2  conftest.cpp >&5
configure:4691: $? = 0
configure:4691: g++ -c -g -O2  conftest.cpp >&5
conftest.cpp: In function 'int main()':
conftest.cpp:65:23: error: expected primary-expression before ')' token
   65 | if (sizeof ((ptrdiff_t)))
      |                       ^
configure:4691: $? = 1
configure: failed program was:
| /* confdefs.h */
| #define PACKAGE_NAME "TheForgottenServer"
| #define PACKAGE_TARNAME "theforgottenserver"
| #define PACKAGE_VERSION "0.3.5"
| #define PACKAGE_STRING "TheForgottenServer 0.3.5"
| #define PACKAGE_BUGREPORT ""
| #define PACKAGE_URL ""
| #define PACKAGE "theforgottenserver"
| #define VERSION "0.3.5"
| #define STDC_HEADERS 1
| #define HAVE_SYS_TYPES_H 1
| #define HAVE_SYS_STAT_H 1
| #define HAVE_STDLIB_H 1
| #define HAVE_STRING_H 1
| #define HAVE_MEMORY_H 1
| #define HAVE_STRINGS_H 1
| #define HAVE_INTTYPES_H 1
| #define HAVE_STDINT_H 1
| #define HAVE_UNISTD_H 1
| #define HAVE_ARPA_INET_H 1
| #define HAVE_NETDB_H 1
| #define HAVE_NETINET_IN_H 1
| #define HAVE_STDDEF_H 1
| #define HAVE_STDINT_H 1
| #define HAVE_STDLIB_H 1
| #define HAVE_SYS_SOCKET_H 1
| #define HAVE_SYS_TIMEB_H 1
| /* end confdefs.h.  */
| #include <stdio.h>
| #ifdef HAVE_SYS_TYPES_H
| # include <sys/types.h>
| #endif
| #ifdef HAVE_SYS_STAT_H
| # include <sys/stat.h>
| #endif
| #ifdef STDC_HEADERS
| # include <stdlib.h>
| # include <stddef.h>
| #else
| # ifdef HAVE_STDLIB_H
| #  include <stdlib.h>
| # endif
| #endif
| #ifdef HAVE_STRING_H
| # if !defined STDC_HEADERS && defined HAVE_MEMORY_H
| #  include <memory.h>
| # endif
| # include <string.h>
| #endif
| #ifdef HAVE_STRINGS_H
| # include <strings.h>
| #endif
| #ifdef HAVE_INTTYPES_H
| # include <inttypes.h>
| #endif
| #ifdef HAVE_STDINT_H
| # include <stdint.h>
| #endif
| #ifdef HAVE_UNISTD_H
| # include <unistd.h>
| #endif
| int
| main ()
| {
| if (sizeof ((ptrdiff_t)))
| 	    return 0;
|   ;
|   return 0;
| }
configure:4691: result: yes
configure:4705: checking for stdlib.h
configure:4705: result: yes
configure:4715: checking for GNU libc compatible malloc
configure:4739: g++ -o conftest -g -O2   conftest.cpp  >&5
configure:4739: $? = 0
configure:4739: ./conftest
configure:4739: $? = 0
configure:4749: result: yes
configure:4770: checking for working memcmp
configure:4813: g++ -o conftest -g -O2   conftest.cpp  >&5
configure:4813: $? = 0
configure:4813: ./conftest
configure:4813: $? = 0
configure:4823: result: yes
configure:4834: checking for stdlib.h
configure:4834: result: yes
configure:4844: checking for GNU libc compatible realloc
configure:4868: g++ -o conftest -g -O2   conftest.cpp  >&5
configure:4868: $? = 0
configure:4868: ./conftest
configure:4868: $? = 0
configure:4878: result: yes
configure:4902: checking for floor
configure:4902: g++ -o conftest -g -O2   conftest.cpp  >&5
conftest.cpp:57:6: warning: declaration of 'char floor()' conflicts with built-in declaration 'double floor(double)' [-Wbuiltin-declaration-mismatch]
   57 | char floor ();
      |      ^~~~~
configure:4902: $? = 0
configure:4902: result: yes
configure:4902: checking for ftime
configure:4902: g++ -o conftest -g -O2   conftest.cpp  >&5
configure:4902: $? = 0
configure:4902: result: yes
configure:4902: checking for gethostbyname
configure:4902: g++ -o conftest -g -O2   conftest.cpp  >&5
configure:4902: $? = 0
configure:4902: result: yes
configure:4902: checking for gethostname
configure:4902: g++ -o conftest -g -O2   conftest.cpp  >&5
configure:4902: $? = 0
configure:4902: result: yes
configure:4902: checking for memset
configure:4902: g++ -o conftest -g -O2   conftest.cpp  >&5
conftest.cpp:61:6: warning: declaration of 'char memset()' conflicts with built-in declaration 'void* memset(void*, int, long unsigned int)' [-Wbuiltin-declaration-mismatch]
   61 | char memset ();
      |      ^~~~~~
configure:4902: $? = 0
configure:4902: result: yes
configure:4902: checking for pow
configure:4902: g++ -o conftest -g -O2   conftest.cpp  >&5
conftest.cpp:62:6: warning: declaration of 'char pow()' conflicts with built-in declaration 'double pow(double, double)' [-Wbuiltin-declaration-mismatch]
   62 | char pow ();
      |      ^~~
configure:4902: $? = 0
configure:4902: result: yes
configure:4902: checking for sqrt
configure:4902: g++ -o conftest -g -O2   conftest.cpp  >&5
conftest.cpp:63:6: warning: declaration of 'char sqrt()' conflicts with built-in declaration 'double sqrt(double)' [-Wbuiltin-declaration-mismatch]
   63 | char sqrt ();
      |      ^~~~
configure:4902: $? = 0
configure:4902: result: yes
configure:4902: checking for strcasecmp
configure:4902: g++ -o conftest -g -O2   conftest.cpp  >&5
conftest.cpp:64:6: warning: declaration of 'char strcasecmp()' conflicts with built-in declaration 'int strcasecmp(const char*, const char*)' [-Wbuiltin-declaration-mismatch]
   64 | char strcasecmp ();
      |      ^~~~~~~~~~
configure:4902: $? = 0
configure:4902: result: yes
configure:4902: checking for strncasecmp
configure:4902: g++ -o conftest -g -O2   conftest.cpp  >&5
conftest.cpp:65:6: warning: declaration of 'char strncasecmp()' conflicts with built-in declaration 'int strncasecmp(const char*, const char*, long unsigned int)' [-Wbuiltin-declaration-mismatch]
   65 | char strncasecmp ();
      |      ^~~~~~~~~~~
configure:4902: $? = 0
configure:4902: result: yes
configure:4902: checking for strstr
configure:4902: g++ -o conftest -g -O2   conftest.cpp  >&5
conftest.cpp:66:6: warning: declaration of 'char strstr()' conflicts with built-in declaration 'char* strstr(const char*, const char*)' [-Wbuiltin-declaration-mismatch]
   66 | char strstr ();
      |      ^~~~~~
configure:4902: $? = 0
configure:4902: result: yes
configure:4902: checking for strtol
configure:4902: g++ -o conftest -g -O2   conftest.cpp  >&5
configure:4902: $? = 0
configure:4902: result: yes
configure:4953: checking for xml2-config
configure:4971: found /usr/bin/xml2-config
configure:4984: result: /usr/bin/xml2-config
configure:4993: checking for libxml - version >= 2.6.5
configure:5095: g++ -o conftest -g -O2  -I/usr/include/libxml2  conftest.cpp -lxml2  >&5
conftest.cpp: In function 'int main()':
conftest.cpp:58:9: warning: ignoring return value of 'int system(const char*)', declared with attribute warn_unused_result [-Wunused-result]
   58 |   system("touch conf.xmltest");
      |   ~~~~~~^~~~~~~~~~~~~~~~~~~~~~
configure:5095: $? = 0
configure:5095: ./conftest
configure:5095: $? = 0
configure:5110: result: yes (version 2.9.10)
configure:5178: checking gmp.h usability
configure:5178: g++ -c -g -O2  conftest.cpp >&5
configure:5178: $? = 0
configure:5178: result: yes
configure:5178: checking gmp.h presence
configure:5178: g++ -E  conftest.cpp
configure:5178: $? = 0
configure:5178: result: yes
configure:5178: checking for gmp.h
configure:5178: result: yes
configure:5190: checking for __gmpz_init2 in -lgmp
configure:5215: g++ -o conftest -g -O2   conftest.cpp -lgmp   -lxml2 >&5
configure:5215: $? = 0
configure:5224: result: yes
configure:5239: checking for main in -lboost_thread-gcc-mt
configure:5258: g++ -o conftest -g -O2   conftest.cpp -lboost_thread-gcc-mt  -lgmp  -lxml2 >&5
/usr/bin/ld: cannot find -lboost_thread-gcc-mt
collect2: error: ld returned 1 exit status
configure:5258: $? = 1
configure: failed program was:
| /* confdefs.h */
| #define PACKAGE_NAME "TheForgottenServer"
| #define PACKAGE_TARNAME "theforgottenserver"
| #define PACKAGE_VERSION "0.3.5"
| #define PACKAGE_STRING "TheForgottenServer 0.3.5"
| #define PACKAGE_BUGREPORT ""
| #define PACKAGE_URL ""
| #define PACKAGE "theforgottenserver"
| #define VERSION "0.3.5"
| #define STDC_HEADERS 1
| #define HAVE_SYS_TYPES_H 1
| #define HAVE_SYS_STAT_H 1
| #define HAVE_STDLIB_H 1
| #define HAVE_STRING_H 1
| #define HAVE_MEMORY_H 1
| #define HAVE_STRINGS_H 1
| #define HAVE_INTTYPES_H 1
| #define HAVE_STDINT_H 1
| #define HAVE_UNISTD_H 1
| #define HAVE_ARPA_INET_H 1
| #define HAVE_NETDB_H 1
| #define HAVE_NETINET_IN_H 1
| #define HAVE_STDDEF_H 1
| #define HAVE_STDINT_H 1
| #define HAVE_STDLIB_H 1
| #define HAVE_SYS_SOCKET_H 1
| #define HAVE_SYS_TIMEB_H 1
| #define HAVE_PTRDIFF_T 1
| #define HAVE_STDLIB_H 1
| #define HAVE_MALLOC 1
| #define HAVE_STDLIB_H 1
| #define HAVE_REALLOC 1
| #define HAVE_FLOOR 1
| #define HAVE_FTIME 1
| #define HAVE_GETHOSTBYNAME 1
| #define HAVE_GETHOSTNAME 1
| #define HAVE_MEMSET 1
| #define HAVE_POW 1
| #define HAVE_SQRT 1
| #define HAVE_STRCASECMP 1
| #define HAVE_STRNCASECMP 1
| #define HAVE_STRSTR 1
| #define HAVE_STRTOL 1
| #define HAVE_GMP_H 1
| #define HAVE_LIBGMP 1
| /* end confdefs.h.  */
| 
| 
| int
| main ()
| {
| return main ();
|   ;
|   return 0;
| }
configure:5267: result: no
configure:5278: checking for main in -lboost_thread-mt
configure:5297: g++ -o conftest -g -O2   conftest.cpp -lboost_thread-mt  -lgmp  -lxml2 >&5
/usr/bin/ld: cannot find -lboost_thread-mt
collect2: error: ld returned 1 exit status
configure:5297: $? = 1
configure: failed program was:
| /* confdefs.h */
| #define PACKAGE_NAME "TheForgottenServer"
| #define PACKAGE_TARNAME "theforgottenserver"
| #define PACKAGE_VERSION "0.3.5"
| #define PACKAGE_STRING "TheForgottenServer 0.3.5"
| #define PACKAGE_BUGREPORT ""
| #define PACKAGE_URL ""
| #define PACKAGE "theforgottenserver"
| #define VERSION "0.3.5"
| #define STDC_HEADERS 1
| #define HAVE_SYS_TYPES_H 1
| #define HAVE_SYS_STAT_H 1
| #define HAVE_STDLIB_H 1
| #define HAVE_STRING_H 1
| #define HAVE_MEMORY_H 1
| #define HAVE_STRINGS_H 1
| #define HAVE_INTTYPES_H 1
| #define HAVE_STDINT_H 1
| #define HAVE_UNISTD_H 1
| #define HAVE_ARPA_INET_H 1
| #define HAVE_NETDB_H 1
| #define HAVE_NETINET_IN_H 1
| #define HAVE_STDDEF_H 1
| #define HAVE_STDINT_H 1
| #define HAVE_STDLIB_H 1
| #define HAVE_SYS_SOCKET_H 1
| #define HAVE_SYS_TIMEB_H 1
| #define HAVE_PTRDIFF_T 1
| #define HAVE_STDLIB_H 1
| #define HAVE_MALLOC 1
| #define HAVE_STDLIB_H 1
| #define HAVE_REALLOC 1
| #define HAVE_FLOOR 1
| #define HAVE_FTIME 1
| #define HAVE_GETHOSTBYNAME 1
| #define HAVE_GETHOSTNAME 1
| #define HAVE_MEMSET 1
| #define HAVE_POW 1
| #define HAVE_SQRT 1
| #define HAVE_STRCASECMP 1
| #define HAVE_STRNCASECMP 1
| #define HAVE_STRSTR 1
| #define HAVE_STRTOL 1
| #define HAVE_GMP_H 1
| #define HAVE_LIBGMP 1
| /* end confdefs.h.  */
| 
| 
| int
| main ()
| {
| return main ();
|   ;
|   return 0;
| }
configure:5306: result: no
configure:5317: checking for main in -lboost_thread
configure:5336: g++ -o conftest -g -O2   conftest.cpp -lboost_thread  -lgmp  -lxml2 >&5
configure:5336: $? = 0
configure:5345: result: yes
configure:5367: checking for main in -lboost_regex-gcc-mt
configure:5386: g++ -o conftest -g -O2   conftest.cpp -lboost_regex-gcc-mt  -lboost_thread -lgmp  -lxml2 >&5
/usr/bin/ld: cannot find -lboost_regex-gcc-mt
collect2: error: ld returned 1 exit status
configure:5386: $? = 1
configure: failed program was:
| /* confdefs.h */
| #define PACKAGE_NAME "TheForgottenServer"
| #define PACKAGE_TARNAME "theforgottenserver"
| #define PACKAGE_VERSION "0.3.5"
| #define PACKAGE_STRING "TheForgottenServer 0.3.5"
| #define PACKAGE_BUGREPORT ""
| #define PACKAGE_URL ""
| #define PACKAGE "theforgottenserver"
| #define VERSION "0.3.5"
| #define STDC_HEADERS 1
| #define HAVE_SYS_TYPES_H 1
| #define HAVE_SYS_STAT_H 1
| #define HAVE_STDLIB_H 1
| #define HAVE_STRING_H 1
| #define HAVE_MEMORY_H 1
| #define HAVE_STRINGS_H 1
| #define HAVE_INTTYPES_H 1
| #define HAVE_STDINT_H 1
| #define HAVE_UNISTD_H 1
| #define HAVE_ARPA_INET_H 1
| #define HAVE_NETDB_H 1
| #define HAVE_NETINET_IN_H 1
| #define HAVE_STDDEF_H 1
| #define HAVE_STDINT_H 1
| #define HAVE_STDLIB_H 1
| #define HAVE_SYS_SOCKET_H 1
| #define HAVE_SYS_TIMEB_H 1
| #define HAVE_PTRDIFF_T 1
| #define HAVE_STDLIB_H 1
| #define HAVE_MALLOC 1
| #define HAVE_STDLIB_H 1
| #define HAVE_REALLOC 1
| #define HAVE_FLOOR 1
| #define HAVE_FTIME 1
| #define HAVE_GETHOSTBYNAME 1
| #define HAVE_GETHOSTNAME 1
| #define HAVE_MEMSET 1
| #define HAVE_POW 1
| #define HAVE_SQRT 1
| #define HAVE_STRCASECMP 1
| #define HAVE_STRNCASECMP 1
| #define HAVE_STRSTR 1
| #define HAVE_STRTOL 1
| #define HAVE_GMP_H 1
| #define HAVE_LIBGMP 1
| #define HAVE_LIBBOOST_THREAD 1
| /* end confdefs.h.  */
| 
| 
| int
| main ()
| {
| return main ();
|   ;
|   return 0;
| }
configure:5395: result: no
configure:5406: checking for main in -lboost_regex-mt
configure:5425: g++ -o conftest -g -O2   conftest.cpp -lboost_regex-mt  -lboost_thread -lgmp  -lxml2 >&5
/usr/bin/ld: cannot find -lboost_regex-mt
collect2: error: ld returned 1 exit status
configure:5425: $? = 1
configure: failed program was:
| /* confdefs.h */
| #define PACKAGE_NAME "TheForgottenServer"
| #define PACKAGE_TARNAME "theforgottenserver"
| #define PACKAGE_VERSION "0.3.5"
| #define PACKAGE_STRING "TheForgottenServer 0.3.5"
| #define PACKAGE_BUGREPORT ""
| #define PACKAGE_URL ""
| #define PACKAGE "theforgottenserver"
| #define VERSION "0.3.5"
| #define STDC_HEADERS 1
| #define HAVE_SYS_TYPES_H 1
| #define HAVE_SYS_STAT_H 1
| #define HAVE_STDLIB_H 1
| #define HAVE_STRING_H 1
| #define HAVE_MEMORY_H 1
| #define HAVE_STRINGS_H 1
| #define HAVE_INTTYPES_H 1
| #define HAVE_STDINT_H 1
| #define HAVE_UNISTD_H 1
| #define HAVE_ARPA_INET_H 1
| #define HAVE_NETDB_H 1
| #define HAVE_NETINET_IN_H 1
| #define HAVE_STDDEF_H 1
| #define HAVE_STDINT_H 1
| #define HAVE_STDLIB_H 1
| #define HAVE_SYS_SOCKET_H 1
| #define HAVE_SYS_TIMEB_H 1
| #define HAVE_PTRDIFF_T 1
| #define HAVE_STDLIB_H 1
| #define HAVE_MALLOC 1
| #define HAVE_STDLIB_H 1
| #define HAVE_REALLOC 1
| #define HAVE_FLOOR 1
| #define HAVE_FTIME 1
| #define HAVE_GETHOSTBYNAME 1
| #define HAVE_GETHOSTNAME 1
| #define HAVE_MEMSET 1
| #define HAVE_POW 1
| #define HAVE_SQRT 1
| #define HAVE_STRCASECMP 1
| #define HAVE_STRNCASECMP 1
| #define HAVE_STRSTR 1
| #define HAVE_STRTOL 1
| #define HAVE_GMP_H 1
| #define HAVE_LIBGMP 1
| #define HAVE_LIBBOOST_THREAD 1
| /* end confdefs.h.  */
| 
| 
| int
| main ()
| {
| return main ();
|   ;
|   return 0;
| }
configure:5434: result: no
configure:5445: checking for main in -lboost_regex
configure:5464: g++ -o conftest -g -O2   conftest.cpp -lboost_regex  -lboost_thread -lgmp  -lxml2 >&5
configure:5464: $? = 0
configure:5473: result: yes
configure:5495: checking for main in -lboost_system-gcc-mt
configure:5514: g++ -o conftest -g -O2   conftest.cpp -lboost_system-gcc-mt  -lboost_regex -lboost_thread -lgmp  -lxml2 >&5
/usr/bin/ld: cannot find -lboost_system-gcc-mt
collect2: error: ld returned 1 exit status
configure:5514: $? = 1
configure: failed program was:
| /* confdefs.h */
| #define PACKAGE_NAME "TheForgottenServer"
| #define PACKAGE_TARNAME "theforgottenserver"
| #define PACKAGE_VERSION "0.3.5"
| #define PACKAGE_STRING "TheForgottenServer 0.3.5"
| #define PACKAGE_BUGREPORT ""
| #define PACKAGE_URL ""
| #define PACKAGE "theforgottenserver"
| #define VERSION "0.3.5"
| #define STDC_HEADERS 1
| #define HAVE_SYS_TYPES_H 1
| #define HAVE_SYS_STAT_H 1
| #define HAVE_STDLIB_H 1
| #define HAVE_STRING_H 1
| #define HAVE_MEMORY_H 1
| #define HAVE_STRINGS_H 1
| #define HAVE_INTTYPES_H 1
| #define HAVE_STDINT_H 1
| #define HAVE_UNISTD_H 1
| #define HAVE_ARPA_INET_H 1
| #define HAVE_NETDB_H 1
| #define HAVE_NETINET_IN_H 1
| #define HAVE_STDDEF_H 1
| #define HAVE_STDINT_H 1
| #define HAVE_STDLIB_H 1
| #define HAVE_SYS_SOCKET_H 1
| #define HAVE_SYS_TIMEB_H 1
| #define HAVE_PTRDIFF_T 1
| #define HAVE_STDLIB_H 1
| #define HAVE_MALLOC 1
| #define HAVE_STDLIB_H 1
| #define HAVE_REALLOC 1
| #define HAVE_FLOOR 1
| #define HAVE_FTIME 1
| #define HAVE_GETHOSTBYNAME 1
| #define HAVE_GETHOSTNAME 1
| #define HAVE_MEMSET 1
| #define HAVE_POW 1
| #define HAVE_SQRT 1
| #define HAVE_STRCASECMP 1
| #define HAVE_STRNCASECMP 1
| #define HAVE_STRSTR 1
| #define HAVE_STRTOL 1
| #define HAVE_GMP_H 1
| #define HAVE_LIBGMP 1
| #define HAVE_LIBBOOST_THREAD 1
| #define HAVE_LIBBOOST_REGEX 1
| /* end confdefs.h.  */
| 
| 
| int
| main ()
| {
| return main ();
|   ;
|   return 0;
| }
configure:5523: result: no
configure:5534: checking for main in -lboost_system-mt
configure:5553: g++ -o conftest -g -O2   conftest.cpp -lboost_system-mt  -lboost_regex -lboost_thread -lgmp  -lxml2 >&5
/usr/bin/ld: cannot find -lboost_system-mt
collect2: error: ld returned 1 exit status
configure:5553: $? = 1
configure: failed program was:
| /* confdefs.h */
| #define PACKAGE_NAME "TheForgottenServer"
| #define PACKAGE_TARNAME "theforgottenserver"
| #define PACKAGE_VERSION "0.3.5"
| #define PACKAGE_STRING "TheForgottenServer 0.3.5"
| #define PACKAGE_BUGREPORT ""
| #define PACKAGE_URL ""
| #define PACKAGE "theforgottenserver"
| #define VERSION "0.3.5"
| #define STDC_HEADERS 1
| #define HAVE_SYS_TYPES_H 1
| #define HAVE_SYS_STAT_H 1
| #define HAVE_STDLIB_H 1
| #define HAVE_STRING_H 1
| #define HAVE_MEMORY_H 1
| #define HAVE_STRINGS_H 1
| #define HAVE_INTTYPES_H 1
| #define HAVE_STDINT_H 1
| #define HAVE_UNISTD_H 1
| #define HAVE_ARPA_INET_H 1
| #define HAVE_NETDB_H 1
| #define HAVE_NETINET_IN_H 1
| #define HAVE_STDDEF_H 1
| #define HAVE_STDINT_H 1
| #define HAVE_STDLIB_H 1
| #define HAVE_SYS_SOCKET_H 1
| #define HAVE_SYS_TIMEB_H 1
| #define HAVE_PTRDIFF_T 1
| #define HAVE_STDLIB_H 1
| #define HAVE_MALLOC 1
| #define HAVE_STDLIB_H 1
| #define HAVE_REALLOC 1
| #define HAVE_FLOOR 1
| #define HAVE_FTIME 1
| #define HAVE_GETHOSTBYNAME 1
| #define HAVE_GETHOSTNAME 1
| #define HAVE_MEMSET 1
| #define HAVE_POW 1
| #define HAVE_SQRT 1
| #define HAVE_STRCASECMP 1
| #define HAVE_STRNCASECMP 1
| #define HAVE_STRSTR 1
| #define HAVE_STRTOL 1
| #define HAVE_GMP_H 1
| #define HAVE_LIBGMP 1
| #define HAVE_LIBBOOST_THREAD 1
| #define HAVE_LIBBOOST_REGEX 1
| /* end confdefs.h.  */
| 
| 
| int
| main ()
| {
| return main ();
|   ;
|   return 0;
| }
configure:5562: result: no
configure:5573: checking for main in -lboost_system
configure:5592: g++ -o conftest -g -O2   conftest.cpp -lboost_system  -lboost_regex -lboost_thread -lgmp  -lxml2 >&5
configure:5592: $? = 0
configure:5601: result: yes
configure:5623: checking for main in -lboost_date_time-gcc-mt
configure:5642: g++ -o conftest -g -O2   conftest.cpp -lboost_date_time-gcc-mt  -lboost_system -lboost_regex -lboost_thread -lgmp  -lxml2 >&5
/usr/bin/ld: cannot find -lboost_date_time-gcc-mt
collect2: error: ld returned 1 exit status
configure:5642: $? = 1
configure: failed program was:
| /* confdefs.h */
| #define PACKAGE_NAME "TheForgottenServer"
| #define PACKAGE_TARNAME "theforgottenserver"
| #define PACKAGE_VERSION "0.3.5"
| #define PACKAGE_STRING "TheForgottenServer 0.3.5"
| #define PACKAGE_BUGREPORT ""
| #define PACKAGE_URL ""
| #define PACKAGE "theforgottenserver"
| #define VERSION "0.3.5"
| #define STDC_HEADERS 1
| #define HAVE_SYS_TYPES_H 1
| #define HAVE_SYS_STAT_H 1
| #define HAVE_STDLIB_H 1
| #define HAVE_STRING_H 1
| #define HAVE_MEMORY_H 1
| #define HAVE_STRINGS_H 1
| #define HAVE_INTTYPES_H 1
| #define HAVE_STDINT_H 1
| #define HAVE_UNISTD_H 1
| #define HAVE_ARPA_INET_H 1
| #define HAVE_NETDB_H 1
| #define HAVE_NETINET_IN_H 1
| #define HAVE_STDDEF_H 1
| #define HAVE_STDINT_H 1
| #define HAVE_STDLIB_H 1
| #define HAVE_SYS_SOCKET_H 1
| #define HAVE_SYS_TIMEB_H 1
| #define HAVE_PTRDIFF_T 1
| #define HAVE_STDLIB_H 1
| #define HAVE_MALLOC 1
| #define HAVE_STDLIB_H 1
| #define HAVE_REALLOC 1
| #define HAVE_FLOOR 1
| #define HAVE_FTIME 1
| #define HAVE_GETHOSTBYNAME 1
| #define HAVE_GETHOSTNAME 1
| #define HAVE_MEMSET 1
| #define HAVE_POW 1
| #define HAVE_SQRT 1
| #define HAVE_STRCASECMP 1
| #define HAVE_STRNCASECMP 1
| #define HAVE_STRSTR 1
| #define HAVE_STRTOL 1
| #define HAVE_GMP_H 1
| #define HAVE_LIBGMP 1
| #define HAVE_LIBBOOST_THREAD 1
| #define HAVE_LIBBOOST_REGEX 1
| #define HAVE_LIBBOOST_SYSTEM 1
| /* end confdefs.h.  */
| 
| 
| int
| main ()
| {
| return main ();
|   ;
|   return 0;
| }
configure:5651: result: no
configure:5662: checking for main in -lboost_date_time-mt
configure:5681: g++ -o conftest -g -O2   conftest.cpp -lboost_date_time-mt  -lboost_system -lboost_regex -lboost_thread -lgmp  -lxml2 >&5
/usr/bin/ld: cannot find -lboost_date_time-mt
collect2: error: ld returned 1 exit status
configure:5681: $? = 1
configure: failed program was:
| /* confdefs.h */
| #define PACKAGE_NAME "TheForgottenServer"
| #define PACKAGE_TARNAME "theforgottenserver"
| #define PACKAGE_VERSION "0.3.5"
| #define PACKAGE_STRING "TheForgottenServer 0.3.5"
| #define PACKAGE_BUGREPORT ""
| #define PACKAGE_URL ""
| #define PACKAGE "theforgottenserver"
| #define VERSION "0.3.5"
| #define STDC_HEADERS 1
| #define HAVE_SYS_TYPES_H 1
| #define HAVE_SYS_STAT_H 1
| #define HAVE_STDLIB_H 1
| #define HAVE_STRING_H 1
| #define HAVE_MEMORY_H 1
| #define HAVE_STRINGS_H 1
| #define HAVE_INTTYPES_H 1
| #define HAVE_STDINT_H 1
| #define HAVE_UNISTD_H 1
| #define HAVE_ARPA_INET_H 1
| #define HAVE_NETDB_H 1
| #define HAVE_NETINET_IN_H 1
| #define HAVE_STDDEF_H 1
| #define HAVE_STDINT_H 1
| #define HAVE_STDLIB_H 1
| #define HAVE_SYS_SOCKET_H 1
| #define HAVE_SYS_TIMEB_H 1
| #define HAVE_PTRDIFF_T 1
| #define HAVE_STDLIB_H 1
| #define HAVE_MALLOC 1
| #define HAVE_STDLIB_H 1
| #define HAVE_REALLOC 1
| #define HAVE_FLOOR 1
| #define HAVE_FTIME 1
| #define HAVE_GETHOSTBYNAME 1
| #define HAVE_GETHOSTNAME 1
| #define HAVE_MEMSET 1
| #define HAVE_POW 1
| #define HAVE_SQRT 1
| #define HAVE_STRCASECMP 1
| #define HAVE_STRNCASECMP 1
| #define HAVE_STRSTR 1
| #define HAVE_STRTOL 1
| #define HAVE_GMP_H 1
| #define HAVE_LIBGMP 1
| #define HAVE_LIBBOOST_THREAD 1
| #define HAVE_LIBBOOST_REGEX 1
| #define HAVE_LIBBOOST_SYSTEM 1
| /* end confdefs.h.  */
| 
| 
| int
| main ()
| {
| return main ();
|   ;
|   return 0;
| }
configure:5690: result: no
configure:5701: checking for main in -lboost_date_time
configure:5720: g++ -o conftest -g -O2   conftest.cpp -lboost_date_time  -lboost_system -lboost_regex -lboost_thread -lgmp  -lxml2 >&5
configure:5720: $? = 0
configure:5729: result: yes
configure:5751: checking for main in -lboost_filesystem-gcc-mt
configure:5770: g++ -o conftest -g -O2   conftest.cpp -lboost_filesystem-gcc-mt  -lboost_date_time -lboost_system -lboost_regex -lboost_thread -lgmp  -lxml2 >&5
/usr/bin/ld: cannot find -lboost_filesystem-gcc-mt
collect2: error: ld returned 1 exit status
configure:5770: $? = 1
configure: failed program was:
| /* confdefs.h */
| #define PACKAGE_NAME "TheForgottenServer"
| #define PACKAGE_TARNAME "theforgottenserver"
| #define PACKAGE_VERSION "0.3.5"
| #define PACKAGE_STRING "TheForgottenServer 0.3.5"
| #define PACKAGE_BUGREPORT ""
| #define PACKAGE_URL ""
| #define PACKAGE "theforgottenserver"
| #define VERSION "0.3.5"
| #define STDC_HEADERS 1
| #define HAVE_SYS_TYPES_H 1
| #define HAVE_SYS_STAT_H 1
| #define HAVE_STDLIB_H 1
| #define HAVE_STRING_H 1
| #define HAVE_MEMORY_H 1
| #define HAVE_STRINGS_H 1
| #define HAVE_INTTYPES_H 1
| #define HAVE_STDINT_H 1
| #define HAVE_UNISTD_H 1
| #define HAVE_ARPA_INET_H 1
| #define HAVE_NETDB_H 1
| #define HAVE_NETINET_IN_H 1
| #define HAVE_STDDEF_H 1
| #define HAVE_STDINT_H 1
| #define HAVE_STDLIB_H 1
| #define HAVE_SYS_SOCKET_H 1
| #define HAVE_SYS_TIMEB_H 1
| #define HAVE_PTRDIFF_T 1
| #define HAVE_STDLIB_H 1
| #define HAVE_MALLOC 1
| #define HAVE_STDLIB_H 1
| #define HAVE_REALLOC 1
| #define HAVE_FLOOR 1
| #define HAVE_FTIME 1
| #define HAVE_GETHOSTBYNAME 1
| #define HAVE_GETHOSTNAME 1
| #define HAVE_MEMSET 1
| #define HAVE_POW 1
| #define HAVE_SQRT 1
| #define HAVE_STRCASECMP 1
| #define HAVE_STRNCASECMP 1
| #define HAVE_STRSTR 1
| #define HAVE_STRTOL 1
| #define HAVE_GMP_H 1
| #define HAVE_LIBGMP 1
| #define HAVE_LIBBOOST_THREAD 1
| #define HAVE_LIBBOOST_REGEX 1
| #define HAVE_LIBBOOST_SYSTEM 1
| #define HAVE_LIBBOOST_DATE_TIME 1
| /* end confdefs.h.  */
| 
| 
| int
| main ()
| {
| return main ();
|   ;
|   return 0;
| }
configure:5779: result: no
configure:5790: checking for main in -lboost_filesystem-mt
configure:5809: g++ -o conftest -g -O2   conftest.cpp -lboost_filesystem-mt  -lboost_date_time -lboost_system -lboost_regex -lboost_thread -lgmp  -lxml2 >&5
/usr/bin/ld: cannot find -lboost_filesystem-mt
collect2: error: ld returned 1 exit status
configure:5809: $? = 1
configure: failed program was:
| /* confdefs.h */
| #define PACKAGE_NAME "TheForgottenServer"
| #define PACKAGE_TARNAME "theforgottenserver"
| #define PACKAGE_VERSION "0.3.5"
| #define PACKAGE_STRING "TheForgottenServer 0.3.5"
| #define PACKAGE_BUGREPORT ""
| #define PACKAGE_URL ""
| #define PACKAGE "theforgottenserver"
| #define VERSION "0.3.5"
| #define STDC_HEADERS 1
| #define HAVE_SYS_TYPES_H 1
| #define HAVE_SYS_STAT_H 1
| #define HAVE_STDLIB_H 1
| #define HAVE_STRING_H 1
| #define HAVE_MEMORY_H 1
| #define HAVE_STRINGS_H 1
| #define HAVE_INTTYPES_H 1
| #define HAVE_STDINT_H 1
| #define HAVE_UNISTD_H 1
| #define HAVE_ARPA_INET_H 1
| #define HAVE_NETDB_H 1
| #define HAVE_NETINET_IN_H 1
| #define HAVE_STDDEF_H 1
| #define HAVE_STDINT_H 1
| #define HAVE_STDLIB_H 1
| #define HAVE_SYS_SOCKET_H 1
| #define HAVE_SYS_TIMEB_H 1
| #define HAVE_PTRDIFF_T 1
| #define HAVE_STDLIB_H 1
| #define HAVE_MALLOC 1
| #define HAVE_STDLIB_H 1
| #define HAVE_REALLOC 1
| #define HAVE_FLOOR 1
| #define HAVE_FTIME 1
| #define HAVE_GETHOSTBYNAME 1
| #define HAVE_GETHOSTNAME 1
| #define HAVE_MEMSET 1
| #define HAVE_POW 1
| #define HAVE_SQRT 1
| #define HAVE_STRCASECMP 1
| #define HAVE_STRNCASECMP 1
| #define HAVE_STRSTR 1
| #define HAVE_STRTOL 1
| #define HAVE_GMP_H 1
| #define HAVE_LIBGMP 1
| #define HAVE_LIBBOOST_THREAD 1
| #define HAVE_LIBBOOST_REGEX 1
| #define HAVE_LIBBOOST_SYSTEM 1
| #define HAVE_LIBBOOST_DATE_TIME 1
| /* end confdefs.h.  */
| 
| 
| int
| main ()
| {
| return main ();
|   ;
|   return 0;
| }
configure:5818: result: no
configure:5829: checking for main in -lboost_filesystem
configure:5848: g++ -o conftest -g -O2   conftest.cpp -lboost_filesystem  -lboost_date_time -lboost_system -lboost_regex -lboost_thread -lgmp  -lxml2 >&5
configure:5848: $? = 0
configure:5857: result: yes
configure:5882: checking boost/asio.hpp usability
configure:5882: g++ -c -g -O2  conftest.cpp >&5
configure:5882: $? = 0
configure:5882: result: yes
configure:5882: checking boost/asio.hpp presence
configure:5882: g++ -E  conftest.cpp
configure:5882: $? = 0
configure:5882: result: yes
configure:5882: checking for boost/asio.hpp
configure:5882: result: yes
configure:5898: checking boost/tr1/unordered_set.hpp usability
configure:5898: g++ -c -g -O2  conftest.cpp >&5
conftest.cpp:86:10: fatal error: boost/tr1/unordered_set.hpp: No such file or directory
   86 | #include <boost/tr1/unordered_set.hpp>
      |          ^~~~~~~~~~~~~~~~~~~~~~~~~~~~~
compilation terminated.
configure:5898: $? = 1
configure: failed program was:
| /* confdefs.h */
| #define PACKAGE_NAME "TheForgottenServer"
| #define PACKAGE_TARNAME "theforgottenserver"
| #define PACKAGE_VERSION "0.3.5"
| #define PACKAGE_STRING "TheForgottenServer 0.3.5"
| #define PACKAGE_BUGREPORT ""
| #define PACKAGE_URL ""
| #define PACKAGE "theforgottenserver"
| #define VERSION "0.3.5"
| #define STDC_HEADERS 1
| #define HAVE_SYS_TYPES_H 1
| #define HAVE_SYS_STAT_H 1
| #define HAVE_STDLIB_H 1
| #define HAVE_STRING_H 1
| #define HAVE_MEMORY_H 1
| #define HAVE_STRINGS_H 1
| #define HAVE_INTTYPES_H 1
| #define HAVE_STDINT_H 1
| #define HAVE_UNISTD_H 1
| #define HAVE_ARPA_INET_H 1
| #define HAVE_NETDB_H 1
| #define HAVE_NETINET_IN_H 1
| #define HAVE_STDDEF_H 1
| #define HAVE_STDINT_H 1
| #define HAVE_STDLIB_H 1
| #define HAVE_SYS_SOCKET_H 1
| #define HAVE_SYS_TIMEB_H 1
| #define HAVE_PTRDIFF_T 1
| #define HAVE_STDLIB_H 1
| #define HAVE_MALLOC 1
| #define HAVE_STDLIB_H 1
| #define HAVE_REALLOC 1
| #define HAVE_FLOOR 1
| #define HAVE_FTIME 1
| #define HAVE_GETHOSTBYNAME 1
| #define HAVE_GETHOSTNAME 1
| #define HAVE_MEMSET 1
| #define HAVE_POW 1
| #define HAVE_SQRT 1
| #define HAVE_STRCASECMP 1
| #define HAVE_STRNCASECMP 1
| #define HAVE_STRSTR 1
| #define HAVE_STRTOL 1
| #define HAVE_GMP_H 1
| #define HAVE_LIBGMP 1
| #define HAVE_LIBBOOST_THREAD 1
| #define HAVE_LIBBOOST_REGEX 1
| #define HAVE_LIBBOOST_SYSTEM 1
| #define HAVE_LIBBOOST_DATE_TIME 1
| #define HAVE_LIBBOOST_FILESYSTEM 1
| #define HAVE_BOOST_ASIO_HPP 1
| /* end confdefs.h.  */
| #include <stdio.h>
| #ifdef HAVE_SYS_TYPES_H
| # include <sys/types.h>
| #endif
| #ifdef HAVE_SYS_STAT_H
| # include <sys/stat.h>
| #endif
| #ifdef STDC_HEADERS
| # include <stdlib.h>
| # include <stddef.h>
| #else
| # ifdef HAVE_STDLIB_H
| #  include <stdlib.h>
| # endif
| #endif
| #ifdef HAVE_STRING_H
| # if !defined STDC_HEADERS && defined HAVE_MEMORY_H
| #  include <memory.h>
| # endif
| # include <string.h>
| #endif
| #ifdef HAVE_STRINGS_H
| # include <strings.h>
| #endif
| #ifdef HAVE_INTTYPES_H
| # include <inttypes.h>
| #endif
| #ifdef HAVE_STDINT_H
| # include <stdint.h>
| #endif
| #ifdef HAVE_UNISTD_H
| # include <unistd.h>
| #endif
| #include <boost/tr1/unordered_set.hpp>
configure:5898: result: no
configure:5898: checking boost/tr1/unordered_set.hpp presence
configure:5898: g++ -E  conftest.cpp
conftest.cpp:53:10: fatal error: boost/tr1/unordered_set.hpp: No such file or directory
   53 | #include <boost/tr1/unordered_set.hpp>
      |          ^~~~~~~~~~~~~~~~~~~~~~~~~~~~~
compilation terminated.
configure:5898: $? = 1
configure: failed program was:
| /* confdefs.h */
| #define PACKAGE_NAME "TheForgottenServer"
| #define PACKAGE_TARNAME "theforgottenserver"
| #define PACKAGE_VERSION "0.3.5"
| #define PACKAGE_STRING "TheForgottenServer 0.3.5"
| #define PACKAGE_BUGREPORT ""
| #define PACKAGE_URL ""
| #define PACKAGE "theforgottenserver"
| #define VERSION "0.3.5"
| #define STDC_HEADERS 1
| #define HAVE_SYS_TYPES_H 1
| #define HAVE_SYS_STAT_H 1
| #define HAVE_STDLIB_H 1
| #define HAVE_STRING_H 1
| #define HAVE_MEMORY_H 1
| #define HAVE_STRINGS_H 1
| #define HAVE_INTTYPES_H 1
| #define HAVE_STDINT_H 1
| #define HAVE_UNISTD_H 1
| #define HAVE_ARPA_INET_H 1
| #define HAVE_NETDB_H 1
| #define HAVE_NETINET_IN_H 1
| #define HAVE_STDDEF_H 1
| #define HAVE_STDINT_H 1
| #define HAVE_STDLIB_H 1
| #define HAVE_SYS_SOCKET_H 1
| #define HAVE_SYS_TIMEB_H 1
| #define HAVE_PTRDIFF_T 1
| #define HAVE_STDLIB_H 1
| #define HAVE_MALLOC 1
| #define HAVE_STDLIB_H 1
| #define HAVE_REALLOC 1
| #define HAVE_FLOOR 1
| #define HAVE_FTIME 1
| #define HAVE_GETHOSTBYNAME 1
| #define HAVE_GETHOSTNAME 1
| #define HAVE_MEMSET 1
| #define HAVE_POW 1
| #define HAVE_SQRT 1
| #define HAVE_STRCASECMP 1
| #define HAVE_STRNCASECMP 1
| #define HAVE_STRSTR 1
| #define HAVE_STRTOL 1
| #define HAVE_GMP_H 1
| #define HAVE_LIBGMP 1
| #define HAVE_LIBBOOST_THREAD 1
| #define HAVE_LIBBOOST_REGEX 1
| #define HAVE_LIBBOOST_SYSTEM 1
| #define HAVE_LIBBOOST_DATE_TIME 1
| #define HAVE_LIBBOOST_FILESYSTEM 1
| #define HAVE_BOOST_ASIO_HPP 1
| /* end confdefs.h.  */
| #include <boost/tr1/unordered_set.hpp>
configure:5898: result: no
configure:5898: checking for boost/tr1/unordered_set.hpp
configure:5898: result: no
configure:5905: error: "boost::unordered_set header not found."

## ---------------- ##
## Cache variables. ##
## ---------------- ##

ac_cv_c_const=yes
ac_cv_c_inline=inline
ac_cv_c_int16_t=yes
ac_cv_c_int32_t=yes
ac_cv_c_int64_t=yes
ac_cv_c_uint16_t=yes
ac_cv_c_uint32_t=yes
ac_cv_c_uint64_t=yes
ac_cv_c_uint8_t=yes
ac_cv_cxx_compiler_gnu=yes
ac_cv_env_CCC_set=
ac_cv_env_CCC_value=
ac_cv_env_CPPFLAGS_set=
ac_cv_env_CPPFLAGS_value=
ac_cv_env_CXXCPP_set=
ac_cv_env_CXXCPP_value=
ac_cv_env_CXXFLAGS_set=
ac_cv_env_CXXFLAGS_value=
ac_cv_env_CXX_set=
ac_cv_env_CXX_value=
ac_cv_env_LDFLAGS_set=
ac_cv_env_LDFLAGS_value=
ac_cv_env_LIBS_set=
ac_cv_env_LIBS_value=
ac_cv_env_LUA_CFLAGS_set=
ac_cv_env_LUA_CFLAGS_value=
ac_cv_env_LUA_LIBS_set=
ac_cv_env_LUA_LIBS_value=
ac_cv_env_PKG_CONFIG_LIBDIR_set=
ac_cv_env_PKG_CONFIG_LIBDIR_value=
ac_cv_env_PKG_CONFIG_PATH_set=
ac_cv_env_PKG_CONFIG_PATH_value=
ac_cv_env_PKG_CONFIG_set=
ac_cv_env_PKG_CONFIG_value=
ac_cv_env_build_alias_set=
ac_cv_env_build_alias_value=
ac_cv_env_host_alias_set=
ac_cv_env_host_alias_value=
ac_cv_env_target_alias_set=
ac_cv_env_target_alias_value=
ac_cv_func_floor=yes
ac_cv_func_ftime=yes
ac_cv_func_gethostbyname=yes
ac_cv_func_gethostname=yes
ac_cv_func_malloc_0_nonnull=yes
ac_cv_func_memcmp_working=yes
ac_cv_func_memset=yes
ac_cv_func_pow=yes
ac_cv_func_realloc_0_nonnull=yes
ac_cv_func_sqrt=yes
ac_cv_func_strcasecmp=yes
ac_cv_func_strncasecmp=yes
ac_cv_func_strstr=yes
ac_cv_func_strtol=yes
ac_cv_header_arpa_inet_h=yes
ac_cv_header_boost_asio_hpp=yes
ac_cv_header_boost_tr1_unordered_set_hpp=no
ac_cv_header_gmp_h=yes
ac_cv_header_inttypes_h=yes
ac_cv_header_memory_h=yes
ac_cv_header_netdb_h=yes
ac_cv_header_netinet_in_h=yes
ac_cv_header_stdbool_h=no
ac_cv_header_stdc=yes
ac_cv_header_stddef_h=yes
ac_cv_header_stdint_h=yes
ac_cv_header_stdlib_h=yes
ac_cv_header_string_h=yes
ac_cv_header_strings_h=yes
ac_cv_header_sys_socket_h=yes
ac_cv_header_sys_stat_h=yes
ac_cv_header_sys_timeb_h=yes
ac_cv_header_sys_types_h=yes
ac_cv_header_unistd_h=yes
ac_cv_lib_boost_date_time_gcc_mt_main=no
ac_cv_lib_boost_date_time_main=yes
ac_cv_lib_boost_date_time_mt_main=no
ac_cv_lib_boost_filesystem_gcc_mt_main=no
ac_cv_lib_boost_filesystem_main=yes
ac_cv_lib_boost_filesystem_mt_main=no
ac_cv_lib_boost_regex_gcc_mt_main=no
ac_cv_lib_boost_regex_main=yes
ac_cv_lib_boost_regex_mt_main=no
ac_cv_lib_boost_system_gcc_mt_main=no
ac_cv_lib_boost_system_main=yes
ac_cv_lib_boost_system_mt_main=no
ac_cv_lib_boost_thread_gcc_mt_main=no
ac_cv_lib_boost_thread_main=yes
ac_cv_lib_boost_thread_mt_main=no
ac_cv_lib_gmp___gmpz_init2=yes
ac_cv_objext=o
ac_cv_path_EGREP='/bin/grep -E'
ac_cv_path_GREP=/bin/grep
ac_cv_path_XML2_CONFIG=/usr/bin/xml2-config
ac_cv_path_install='/usr/bin/install -c'
ac_cv_path_mkdir=/bin/mkdir
ac_cv_prog_AWK=gawk
ac_cv_prog_CXXCPP='g++ -E'
ac_cv_prog_ac_ct_CXX=g++
ac_cv_prog_cxx_g=yes
ac_cv_prog_make_make_set=yes
ac_cv_struct_tm=time.h
ac_cv_type__Bool=no
ac_cv_type_ptrdiff_t=yes
ac_cv_type_size_t=yes
am_cv_CXX_dependencies_compiler_type=gcc3
am_cv_make_support_nested_variables=yes

## ----------------- ##
## Output variables. ##
## ----------------- ##

ACLOCAL='${SHELL} /home/jskalski/p/prv/tmp/thaiswar_860_bots_working/sources_debian_9/missing aclocal-1.16'
AMDEPBACKSLASH='\'
AMDEP_FALSE='#'
AMDEP_TRUE=''
AMTAR='$${TAR-tar}'
AM_BACKSLASH='\'
AM_DEFAULT_V='$(AM_DEFAULT_VERBOSITY)'
AM_DEFAULT_VERBOSITY='1'
AM_V='$(V)'
AUTOCONF='${SHELL} /home/jskalski/p/prv/tmp/thaiswar_860_bots_working/sources_debian_9/missing autoconf'
AUTOHEADER='${SHELL} /home/jskalski/p/prv/tmp/thaiswar_860_bots_working/sources_debian_9/missing autoheader'
AUTOMAKE='${SHELL} /home/jskalski/p/prv/tmp/thaiswar_860_bots_working/sources_debian_9/missing automake-1.16'
AWK='gawk'
CPPFLAGS=''
CXX='g++'
CXXCPP='g++ -E'
CXXDEPMODE='depmode=gcc3'
CXXFLAGS='-g -O2'
CYGPATH_W='echo'
DEBUG_FLAGS=''
DEFS=''
DEPDIR='.deps'
ECHO_C=''
ECHO_N='-n'
ECHO_T=''
EGREP='/bin/grep -E'
EXEEXT=''
GREP='/bin/grep'
INSTALL_DATA='${INSTALL} -m 644'
INSTALL_PROGRAM='${INSTALL}'
INSTALL_SCRIPT='${INSTALL}'
INSTALL_STRIP_PROGRAM='$(install_sh) -c -s'
LDFLAGS=''
LIBOBJS=''
LIBS='-lboost_filesystem -lboost_date_time -lboost_system -lboost_regex -lboost_thread -lgmp  -lxml2'
LOGIN_SERVER_FALSE=''
LOGIN_SERVER_TRUE='#'
LTLIBOBJS=''
LUA_CFLAGS=''
LUA_LIBS=''
MAKEINFO='${SHELL} /home/jskalski/p/prv/tmp/thaiswar_860_bots_working/sources_debian_9/missing makeinfo'
MKDIR_P='/bin/mkdir -p'
MYSQL_FLAGS='-D__USE_MYSQL__'
MYSQL_LIBS=''
OBJEXT='o'
ODBC_FLAGS=''
ODBC_LIBS=''
OPTIONAL_FLAGS=''
PACKAGE='theforgottenserver'
PACKAGE_BUGREPORT=''
PACKAGE_NAME='TheForgottenServer'
PACKAGE_STRING='TheForgottenServer 0.3.5'
PACKAGE_TARNAME='theforgottenserver'
PACKAGE_URL=''
PACKAGE_VERSION='0.3.5'
PATH_SEPARATOR=':'
PGSQL_FLAGS=''
PGSQL_LIBS=''
PKG_CONFIG=''
PKG_CONFIG_LIBDIR=''
PKG_CONFIG_PATH=''
PROFILER_FLAGS=''
REMOTE_CONTROL_FALSE=''
REMOTE_CONTROL_TRUE='#'
SET_MAKE=''
SHELL='/bin/bash'
SQLITE_FLAGS=''
SQLITE_LIBS=''
STRIP=''
USE_MYSQL_FALSE='#'
USE_MYSQL_TRUE=''
USE_ODBC_FALSE=''
USE_ODBC_TRUE='#'
USE_PGSQL_FALSE=''
USE_PGSQL_TRUE='#'
USE_SQLITE_FALSE=''
USE_SQLITE_TRUE='#'
VERSION='0.3.5'
XML2_CONFIG='/usr/bin/xml2-config'
XML_CPPFLAGS='-I/usr/include/libxml2'
XML_LIBS='-lxml2'
ac_ct_CXX='g++'
am__EXEEXT_FALSE=''
am__EXEEXT_TRUE=''
am__fastdepCXX_FALSE='#'
am__fastdepCXX_TRUE=''
am__include='include'
am__isrc=''
am__leading_dot='.'
am__nodep='_no'
am__quote=''
am__tar='$${TAR-tar} chof - "$$tardir"'
am__untar='$${TAR-tar} xf -'
bindir='${exec_prefix}/bin'
build_alias=''
datadir='${datarootdir}'
datarootdir='${prefix}/share'
docdir='${datarootdir}/doc/${PACKAGE_TARNAME}'
dvidir='${docdir}'
exec_prefix='NONE'
host_alias=''
htmldir='${docdir}'
includedir='${prefix}/include'
infodir='${datarootdir}/info'
install_sh='${SHELL} /home/jskalski/p/prv/tmp/thaiswar_860_bots_working/sources_debian_9/install-sh'
libdir='${exec_prefix}/lib'
libexecdir='${exec_prefix}/libexec'
localedir='${datarootdir}/locale'
localstatedir='${prefix}/var'
mandir='${datarootdir}/man'
mkdir_p='$(MKDIR_P)'
oldincludedir='/usr/include'
pdfdir='${docdir}'
prefix='NONE'
program_transform_name='s,x,x,'
psdir='${docdir}'
runstatedir='${localstatedir}/run'
sbindir='${exec_prefix}/sbin'
sharedstatedir='${prefix}/com'
sysconfdir='${prefix}/etc'
target_alias=''

## ----------- ##
## confdefs.h. ##
## ----------- ##

/* confdefs.h */
#define PACKAGE_NAME "TheForgottenServer"
#define PACKAGE_TARNAME "theforgottenserver"
#define PACKAGE_VERSION "0.3.5"
#define PACKAGE_STRING "TheForgottenServer 0.3.5"
#define PACKAGE_BUGREPORT ""
#define PACKAGE_URL ""
#define PACKAGE "theforgottenserver"
#define VERSION "0.3.5"
#define STDC_HEADERS 1
#define HAVE_SYS_TYPES_H 1
#define HAVE_SYS_STAT_H 1
#define HAVE_STDLIB_H 1
#define HAVE_STRING_H 1
#define HAVE_MEMORY_H 1
#define HAVE_STRINGS_H 1
#define HAVE_INTTYPES_H 1
#define HAVE_STDINT_H 1
#define HAVE_UNISTD_H 1
#define HAVE_ARPA_INET_H 1
#define HAVE_NETDB_H 1
#define HAVE_NETINET_IN_H 1
#define HAVE_STDDEF_H 1
#define HAVE_STDINT_H 1
#define HAVE_STDLIB_H 1
#define HAVE_SYS_SOCKET_H 1
#define HAVE_SYS_TIMEB_H 1
#define HAVE_PTRDIFF_T 1
#define HAVE_STDLIB_H 1
#define HAVE_MALLOC 1
#define HAVE_STDLIB_H 1
#define HAVE_REALLOC 1
#define HAVE_FLOOR 1
#define HAVE_FTIME 1
#define HAVE_GETHOSTBYNAME 1
#define HAVE_GETHOSTNAME 1
#define HAVE_MEMSET 1
#define HAVE_POW 1
#define HAVE_SQRT 1
#define HAVE_STRCASECMP 1
#define HAVE_STRNCASECMP 1
#define HAVE_STRSTR 1
#define HAVE_STRTOL 1
#define HAVE_GMP_H 1
#define HAVE_LIBGMP 1
#define HAVE_LIBBOOST_THREAD 1
#define HAVE_LIBBOOST_REGEX 1
#define HAVE_LIBBOOST_SYSTEM 1
#define HAVE_LIBBOOST_DATE_TIME 1
#define HAVE_LIBBOOST_FILESYSTEM 1
#define HAVE_BOOST_ASIO_HPP 1

configure: exit 1
